Running file: clinvar_20190114_GRCh38_onlyPathogenic_and_Likely_pathogenic.out_paraloc_paralogs_for_tableize
Started at: 2019_08_01_15_06_49
--add_ucsc_link False
--lof_only False
--biallelic_only False
--split_size None
--canonical_only True
--mysql False
--original_position False
--split_by_gene False
--all_csqs False
--vcf clinvar_20190114_GRCh38_onlyPathogenic_and_Likely_pathogenic.out_paraloc_paralogs_for_tableize
--simplify_gtex False
--ucsc_link_window 20
--samples False
--only_pass False
--do_not_minrep True
--snps_only False
--omit_filter False
--dont_collapse_annotations False
--include_id True
--functional_simplify False
--vep_info SYMBOL,Protein_position,Amino_acids,Codons,BIOTYPE,Paralogue_Vars
--info None
--sample_info None
--split_by_transcript True
--hom_samples False
--output clinvar_20190114_GRCh38_onlyPathogenic_and_Likely_pathogenic.out_paraloc_paralogs_tableized
--options False
